# JRE version: OpenJDK Runtime Environment Temurin-21.0.5+11 (21.0.5+11) (build 21.0.5+11-LTS)
# Java VM: OpenJDK 64-Bit Server VM Temurin-21.0.5+11 (21.0.5+11-LTS, mixed mode, sharing, tiered, compressed oops, compressed class ptrs, parallel gc, bsd-amd64)
Heap:
 PSYoungGen      total 24064K, used 3902K [0x00000007eab00000, 0x00000007ec600000, 0x0000000800000000)
  eden space 22016K, 10% used [0x00000007eab00000,0x00000007ead4bb60,0x00000007ec080000)
  from space 2048K, 75% used [0x00000007ec380000,0x00000007ec504010,0x00000007ec580000)
  to   space 512K, 0% used [0x00000007ec580000,0x00000007ec580000,0x00000007ec600000)
 ParOldGen       total 68608K, used 20170K [0x00000007c0000000, 0x00000007c4300000, 0x00000007eab00000)
  object space 68608K, 29% used [0x00000007c0000000,0x00000007c13b2a10,0x00000007c4300000)
 Metaspace       used 40437K, committed 41536K, reserved 1114112K
  class space    used 4287K, committed 4736K, reserved 1048576K
GC Heap History (20 events):
Event: 39.966 GC heap before
{Heap before GC invocations=7 (full 0):
 PSYoungGen      total 29696K, used 18908K [0x00000007eab00000, 0x00000007ece00000, 0x0000000800000000)
  eden space 24576K, 56% used [0x00000007eab00000,0x00000007eb879d98,0x00000007ec300000)
  from space 5120K, 99% used [0x00000007ec900000,0x00000007ecdfd440,0x00000007ece00000)
  to   space 5632K, 0% used [0x00000007ec300000,0x00000007ec300000,0x00000007ec880000)
 ParOldGen       total 68608K, used 8356K [0x00000007c0000000, 0x00000007c4300000, 0x00000007eab00000)
  object space 68608K, 12% used [0x00000007c0000000,0x00000007c08291e8,0x00000007c4300000)
 Metaspace       used 20713K, committed 21504K, reserved 1114112K
  class space    used 2105K, committed 2432K, reserved 1048576K
}
Event: 39.991 GC heap after
{Heap after GC invocations=7 (full 0):
 PSYoungGen      total 29184K, used 4321K [0x00000007eab00000, 0x00000007ecd00000, 0x0000000800000000)
  eden space 24576K, 0% used [0x00000007eab00000,0x00000007eab00000,0x00000007ec300000)
  from space 4608K, 93% used [0x00000007ec300000,0x00000007ec738590,0x00000007ec780000)
  to   space 5120K, 0% used [0x00000007ec800000,0x00000007ec800000,0x00000007ecd00000)
 ParOldGen       total 68608K, used 9854K [0x00000007c0000000, 0x00000007c4300000, 0x00000007eab00000)
  object space 68608K, 14% used [0x00000007c0000000,0x00000007c099fa08,0x00000007c4300000)
 Metaspace       used 20713K, committed 21504K, reserved 1114112K
  class space    used 2105K, committed 2432K, reserved 1048576K
}
Event: 39.991 GC heap before
{Heap before GC invocations=8 (full 1):
 PSYoungGen      total 29184K, used 4321K [0x00000007eab00000, 0x00000007ecd00000, 0x0000000800000000)
  eden space 24576K, 0% used [0x00000007eab00000,0x00000007eab00000,0x00000007ec300000)
  from space 4608K, 93% used [0x00000007ec300000,0x00000007ec738590,0x00000007ec780000)
  to   space 5120K, 0% used [0x00000007ec800000,0x00000007ec800000,0x00000007ecd00000)
 ParOldGen       total 68608K, used 9854K [0x00000007c0000000, 0x00000007c4300000, 0x00000007eab00000)
  object space 68608K, 14% used [0x00000007c0000000,0x00000007c099fa08,0x00000007c4300000)
 Metaspace       used 20713K, committed 21504K, reserved 1114112K
  class space    used 2105K, committed 2432K, reserved 1048576K
}
Event: 40.220 GC heap after
{Heap after GC invocations=8 (full 1):
 PSYoungGen      total 29184K, used 0K [0x00000007eab00000, 0x00000007ecd00000, 0x0000000800000000)
  eden space 24576K, 0% used [0x00000007eab00000,0x00000007eab00000,0x00000007ec300000)
  from space 4608K, 0% used [0x00000007ec300000,0x00000007ec300000,0x00000007ec780000)
  to   space 5120K, 0% used [0x00000007ec800000,0x00000007ec800000,0x00000007ecd00000)
 ParOldGen       total 68608K, used 13079K [0x00000007c0000000, 0x00000007c4300000, 0x00000007eab00000)
  object space 68608K, 19% used [0x00000007c0000000,0x00000007c0cc5ca0,0x00000007c4300000)
 Metaspace       used 20700K, committed 21504K, reserved 1114112K
  class space    used 2102K, committed 2432K, reserved 1048576K
}
Event: 41.682 GC heap before
{Heap before GC invocations=9 (full 1):
 PSYoungGen      total 29184K, used 24576K [0x00000007eab00000, 0x00000007ecd00000, 0x0000000800000000)
  eden space 24576K, 100% used [0x00000007eab00000,0x00000007ec300000,0x00000007ec300000)
  from space 4608K, 0% used [0x00000007ec300000,0x00000007ec300000,0x00000007ec780000)
  to   space 5120K, 0% used [0x00000007ec800000,0x00000007ec800000,0x00000007ecd00000)
 ParOldGen       total 68608K, used 13079K [0x00000007c0000000, 0x00000007c4300000, 0x00000007eab00000)
  object space 68608K, 19% used [0x00000007c0000000,0x00000007c0cc5ca0,0x00000007c4300000)
 Metaspace       used 23100K, committed 23936K, reserved 1114112K
  class space    used 2321K, committed 2688K, reserved 1048576K
}
Event: 41.696 GC heap after
{Heap after GC invocations=9 (full 1):
 PSYoungGen      total 24576K, used 366K [0x00000007eab00000, 0x00000007ec880000, 0x0000000800000000)
  eden space 24064K, 0% used [0x00000007eab00000,0x00000007eab00000,0x00000007ec280000)
  from space 512K, 71% used [0x00000007ec800000,0x00000007ec85b9c0,0x00000007ec880000)
  to   space 2048K, 0% used [0x00000007ec480000,0x00000007ec480000,0x00000007ec680000)
 ParOldGen       total 68608K, used 13079K [0x00000007c0000000, 0x00000007c4300000, 0x00000007eab00000)
  object space 68608K, 19% used [0x00000007c0000000,0x00000007c0cc5ca0,0x00000007c4300000)
 Metaspace       used 23100K, committed 23936K, reserved 1114112K
  class space    used 2321K, committed 2688K, reserved 1048576K
}
Event: 43.389 GC heap before
{Heap before GC invocations=10 (full 1):
 PSYoungGen      total 24576K, used 24430K [0x00000007eab00000, 0x00000007ec880000, 0x0000000800000000)
  eden space 24064K, 100% used [0x00000007eab00000,0x00000007ec280000,0x00000007ec280000)
  from space 512K, 71% used [0x00000007ec800000,0x00000007ec85b9c0,0x00000007ec880000)
  to   space 2048K, 0% used [0x00000007ec480000,0x00000007ec480000,0x00000007ec680000)
 ParOldGen       total 68608K, used 13079K [0x00000007c0000000, 0x00000007c4300000, 0x00000007eab00000)
  object space 68608K, 19% used [0x00000007c0000000,0x00000007c0cc5ca0,0x00000007c4300000)
 Metaspace       used 26422K, committed 27200K, reserved 1114112K
  class space    used 2645K, committed 2944K, reserved 1048576K
}
Event: 43.404 GC heap after
{Heap after GC invocations=10 (full 1):
 PSYoungGen      total 25600K, used 1013K [0x00000007eab00000, 0x00000007ec880000, 0x0000000800000000)
  eden space 23552K, 0% used [0x00000007eab00000,0x00000007eab00000,0x00000007ec200000)
  from space 2048K, 49% used [0x00000007ec480000,0x00000007ec57d4c8,0x00000007ec680000)
  to   space 1536K, 0% used [0x00000007ec700000,0x00000007ec700000,0x00000007ec880000)
 ParOldGen       total 68608K, used 13079K [0x00000007c0000000, 0x00000007c4300000, 0x00000007eab00000)
  object space 68608K, 19% used [0x00000007c0000000,0x00000007c0cc5ca0,0x00000007c4300000)
 Metaspace       used 26422K, committed 27200K, reserved 1114112K
  class space    used 2645K, committed 2944K, reserved 1048576K
}
Event: 44.796 GC heap before
{Heap before GC invocations=11 (full 1):
 PSYoungGen      total 25600K, used 24565K [0x00000007eab00000, 0x00000007ec880000, 0x0000000800000000)
  eden space 23552K, 100% used [0x00000007eab00000,0x00000007ec200000,0x00000007ec200000)
  from space 2048K, 49% used [0x00000007ec480000,0x00000007ec57d4c8,0x00000007ec680000)
  to   space 1536K, 0% used [0x00000007ec700000,0x00000007ec700000,0x00000007ec880000)
 ParOldGen       total 68608K, used 13079K [0x00000007c0000000, 0x00000007c4300000, 0x00000007eab00000)
  object space 68608K, 19% used [0x00000007c0000000,0x00000007c0cc5ca0,0x00000007c4300000)
 Metaspace       used 28033K, committed 28800K, reserved 1114112K
  class space    used 2779K, committed 3072K, reserved 1048576K
}
Event: 44.810 GC heap after
{Heap after GC invocations=11 (full 1):
 PSYoungGen      total 24064K, used 984K [0x00000007eab00000, 0x00000007ec800000, 0x0000000800000000)
  eden space 23040K, 0% used [0x00000007eab00000,0x00000007eab00000,0x00000007ec180000)
  from space 1024K, 96% used [0x00000007ec700000,0x00000007ec7f6170,0x00000007ec800000)
  to   space 1024K, 0% used [0x00000007ec600000,0x00000007ec600000,0x00000007ec700000)
 ParOldGen       total 68608K, used 14777K [0x00000007c0000000, 0x00000007c4300000, 0x00000007eab00000)
  object space 68608K, 21% used [0x00000007c0000000,0x00000007c0e6e6c0,0x00000007c4300000)
 Metaspace       used 28033K, committed 28800K, reserved 1114112K
  class space    used 2779K, committed 3072K, reserved 1048576K
}
Event: 46.635 GC heap before
{Heap before GC invocations=12 (full 1):
 PSYoungGen      total 24064K, used 24018K [0x00000007eab00000, 0x00000007ec800000, 0x0000000800000000)
  eden space 23040K, 99% used [0x00000007eab00000,0x00000007ec17e830,0x00000007ec180000)
  from space 1024K, 96% used [0x00000007ec700000,0x00000007ec7f6170,0x00000007ec800000)
  to   space 1024K, 0% used [0x00000007ec600000,0x00000007ec600000,0x00000007ec700000)
 ParOldGen       total 68608K, used 14777K [0x00000007c0000000, 0x00000007c4300000, 0x00000007eab00000)
  object space 68608K, 21% used [0x00000007c0000000,0x00000007c0e6e6c0,0x00000007c4300000)
 Metaspace       used 29320K, committed 30208K, reserved 1114112K
  class space    used 2916K, committed 3264K, reserved 1048576K
}
Event: 46.649 GC heap after
{Heap after GC invocations=12 (full 1):
 PSYoungGen      total 23552K, used 996K [0x00000007eab00000, 0x00000007ec780000, 0x0000000800000000)
  eden space 22528K, 0% used [0x00000007eab00000,0x00000007eab00000,0x00000007ec100000)
  from space 1024K, 97% used [0x00000007ec600000,0x00000007ec6f9118,0x00000007ec700000)
  to   space 512K, 0% used [0x00000007ec700000,0x00000007ec700000,0x00000007ec780000)
 ParOldGen       total 68608K, used 16053K [0x00000007c0000000, 0x00000007c4300000, 0x00000007eab00000)
  object space 68608K, 23% used [0x00000007c0000000,0x00000007c0fad590,0x00000007c4300000)
 Metaspace       used 29320K, committed 30208K, reserved 1114112K
  class space    used 2916K, committed 3264K, reserved 1048576K
}
Event: 50.339 GC heap before
{Heap before GC invocations=13 (full 1):
 PSYoungGen      total 23552K, used 23524K [0x00000007eab00000, 0x00000007ec780000, 0x0000000800000000)
  eden space 22528K, 100% used [0x00000007eab00000,0x00000007ec100000,0x00000007ec100000)
  from space 1024K, 97% used [0x00000007ec600000,0x00000007ec6f9118,0x00000007ec700000)
  to   space 512K, 0% used [0x00000007ec700000,0x00000007ec700000,0x00000007ec780000)
 ParOldGen       total 68608K, used 16053K [0x00000007c0000000, 0x00000007c4300000, 0x00000007eab00000)
  object space 68608K, 23% used [0x00000007c0000000,0x00000007c0fad590,0x00000007c4300000)
 Metaspace       used 32674K, committed 33600K, reserved 1114112K
  class space    used 3282K, committed 3648K, reserved 1048576K
}
Event: 50.359 GC heap after
{Heap after GC invocations=13 (full 1):
 PSYoungGen      total 22528K, used 480K [0x00000007eab00000, 0x00000007ec780000, 0x0000000800000000)
  eden space 22016K, 0% used [0x00000007eab00000,0x00000007eab00000,0x00000007ec080000)
  from space 512K, 93% used [0x00000007ec700000,0x00000007ec778108,0x00000007ec780000)
  to   space 2048K, 0% used [0x00000007ec380000,0x00000007ec380000,0x00000007ec580000)
 ParOldGen       total 68608K, used 17461K [0x00000007c0000000, 0x00000007c4300000, 0x00000007eab00000)
  object space 68608K, 25% used [0x00000007c0000000,0x00000007c110d448,0x00000007c4300000)
 Metaspace       used 32674K, committed 33600K, reserved 1114112K
  class space    used 3282K, committed 3648K, reserved 1048576K
}
Event: 51.841 GC heap before
{Heap before GC invocations=14 (full 1):
 PSYoungGen      total 22528K, used 19513K [0x00000007eab00000, 0x00000007ec780000, 0x0000000800000000)
  eden space 22016K, 86% used [0x00000007eab00000,0x00000007ebd964a8,0x00000007ec080000)
  from space 512K, 93% used [0x00000007ec700000,0x00000007ec778108,0x00000007ec780000)
  to   space 2048K, 0% used [0x00000007ec380000,0x00000007ec380000,0x00000007ec580000)
 ParOldGen       total 68608K, used 17461K [0x00000007c0000000, 0x00000007c4300000, 0x00000007eab00000)
  object space 68608K, 25% used [0x00000007c0000000,0x00000007c110d448,0x00000007c4300000)
 Metaspace       used 34875K, committed 35840K, reserved 1114112K
  class space    used 3573K, committed 3968K, reserved 1048576K
}
Event: 51.858 GC heap after
{Heap after GC invocations=14 (full 1):
 PSYoungGen      total 24064K, used 1579K [0x00000007eab00000, 0x00000007ec780000, 0x0000000800000000)
  eden space 22016K, 0% used [0x00000007eab00000,0x00000007eab00000,0x00000007ec080000)
  from space 2048K, 77% used [0x00000007ec380000,0x00000007ec50ac68,0x00000007ec580000)
  to   space 2048K, 0% used [0x00000007ec580000,0x00000007ec580000,0x00000007ec780000)
 ParOldGen       total 68608K, used 17917K [0x00000007c0000000, 0x00000007c4300000, 0x00000007eab00000)
  object space 68608K, 26% used [0x00000007c0000000,0x00000007c117f698,0x00000007c4300000)
 Metaspace       used 34875K, committed 35840K, reserved 1114112K
  class space    used 3573K, committed 3968K, reserved 1048576K
}
Event: 51.858 GC heap before
{Heap before GC invocations=15 (full 2):
 PSYoungGen      total 24064K, used 1579K [0x00000007eab00000, 0x00000007ec780000, 0x0000000800000000)
  eden space 22016K, 0% used [0x00000007eab00000,0x00000007eab00000,0x00000007ec080000)
  from space 2048K, 77% used [0x00000007ec380000,0x00000007ec50ac68,0x00000007ec580000)
  to   space 2048K, 0% used [0x00000007ec580000,0x00000007ec580000,0x00000007ec780000)
 ParOldGen       total 68608K, used 17917K [0x00000007c0000000, 0x00000007c4300000, 0x00000007eab00000)
  object space 68608K, 26% used [0x00000007c0000000,0x00000007c117f698,0x00000007c4300000)
 Metaspace       used 34875K, committed 35840K, reserved 1114112K
  class space    used 3573K, committed 3968K, reserved 1048576K
}
Event: 52.007 GC heap after
{Heap after GC invocations=15 (full 2):
 PSYoungGen      total 24064K, used 0K [0x00000007eab00000, 0x00000007ec780000, 0x0000000800000000)
  eden space 22016K, 0% used [0x00000007eab00000,0x00000007eab00000,0x00000007ec080000)
  from space 2048K, 0% used [0x00000007ec380000,0x00000007ec380000,0x00000007ec580000)
  to   space 2048K, 0% used [0x00000007ec580000,0x00000007ec580000,0x00000007ec780000)
 ParOldGen       total 68608K, used 18557K [0x00000007c0000000, 0x00000007c4300000, 0x00000007eab00000)
  object space 68608K, 27% used [0x00000007c0000000,0x00000007c121f530,0x00000007c4300000)
 Metaspace       used 34875K, committed 35840K, reserved 1114112K
  class space    used 3573K, committed 3968K, reserved 1048576K
}
Event: 53.618 GC heap before
{Heap before GC invocations=16 (full 2):
 PSYoungGen      total 24064K, used 22016K [0x00000007eab00000, 0x00000007ec780000, 0x0000000800000000)
  eden space 22016K, 100% used [0x00000007eab00000,0x00000007ec080000,0x00000007ec080000)
  from space 2048K, 0% used [0x00000007ec380000,0x00000007ec380000,0x00000007ec580000)
  to   space 2048K, 0% used [0x00000007ec580000,0x00000007ec580000,0x00000007ec780000)
 ParOldGen       total 68608K, used 18557K [0x00000007c0000000, 0x00000007c4300000, 0x00000007eab00000)
  object space 68608K, 27% used [0x00000007c0000000,0x00000007c121f530,0x00000007c4300000)
 Metaspace       used 37591K, committed 38656K, reserved 1114112K
  class space    used 3912K, committed 4352K, reserved 1048576K
}
Event: 53.633 GC heap after
{Heap after GC invocations=16 (full 2):
 PSYoungGen      total 24064K, used 1747K [0x00000007eab00000, 0x00000007ec780000, 0x0000000800000000)
  eden space 22016K, 0% used [0x00000007eab00000,0x00000007eab00000,0x00000007ec080000)
  from space 2048K, 85% used [0x00000007ec580000,0x00000007ec734f38,0x00000007ec780000)
  to   space 2048K, 0% used [0x00000007ec380000,0x00000007ec380000,0x00000007ec580000)
 ParOldGen       total 68608K, used 18565K [0x00000007c0000000, 0x00000007c4300000, 0x00000007eab00000)
  object space 68608K, 27% used [0x00000007c0000000,0x00000007c1221530,0x00000007c4300000)
 Metaspace       used 37591K, committed 38656K, reserved 1114112K
  class space    used 3912K, committed 4352K, reserved 1048576K
}

